2024-10-15 05:08:13 - 재고 모니터링 시작
2024-10-15 05:08:13 - 화이트워시(S) 재고 확인 중
2024-10-15 05:08:13 - 뉴본 신생아 세트 재고 확인 중
2024-10-15 05:08:13 - 트립트랩 베이비세트 화이트(S) 재고 확인 중
2024-10-15 05:08:13 - Option 0: Text: =
옵션
 : 가격
                                        =, Value: 
2024-10-15 05:08:13 - Option 1: Text: 내추럴(S)
[품절], Value: 2929||0||||0^|^내추럴(S)
2024-10-15 05:08:13 - Option 2: Text: 화이트워시(S)
[품절], Value: 2930||0||||0^|^화이트워시(S)
2024-10-15 05:08:13 - 화이트워시(S) 재고 없음, 다시 확인 중...
2024-10-15 05:08:13 - 뉴본 신생아 세트 품절 상태
2024-10-15 05:08:13 - 뉴본 신생아 세트 재고 없음, 다시 확인 중...
2024-10-15 05:08:14 - Option 0: Text: =
옵션
 : 가격
                                        =, Value: 
2024-10-15 05:08:14 - Option 1: Text: 내추럴(S)
[품절], Value: 3994||0||||0^|^내추럴(S)
2024-10-15 05:08:14 - Option 2: Text: 화이트(S)
[품절], Value: 3995||0||||0^|^화이트(S)
2024-10-15 05:08:14 - Option 3: Text: 블랙(S)
[품절], Value: 3996||0||||0^|^블랙(S)
2024-10-15 05:08:14 - Option 4: Text: 스톰그레이(S), Value: 3998||0||||7^|^스톰그레이(S)
2024-10-15 05:08:14 - Option 5: Text: 서린핑크(S)
[품절], Value: 4001||0||||0^|^서린핑크(S)
2024-10-15 05:08:14 - Option 6: Text: 피오르드 블루(S)
[품절], Value: 4005||0||||0^|^피오르드 블루(S)
2024-10-15 05:08:14 - Option 7: Text: 글레시어 그린(S), Value: 4006||0||||7^|^글레시어 그린(S)
2024-10-15 05:08:14 - Option 8: Text: 테라코타(S)
[품절], Value: 4023||0||||0^|^테라코타(S)
2024-10-15 05:08:14 - Option 9: Text: 웜브라운(S), Value: 4155||0||||2^|^웜브라운(S)
2024-10-15 05:08:14 - 트립트랩 베이비세트 화이트(S) 재고 없음, 다시 확인 중...
